[0m13:34:00.831929 [debug] [MainThread]: Sending event: {'category': 'dbt', 'action': 'invocation', 'label': 'start', 'context': [<snowplow_tracker.self_describing_json.SelfDescribingJson object at 0x0000016EBFCABCA0>, <snowplow_tracker.self_describing_json.SelfDescribingJson object at 0x0000016EC1C6A740>, <snowplow_tracker.self_describing_json.SelfDescribingJson object at 0x0000016EC1C6A9B0>]}


============================== 13:34:00.835474 | 408f0822-b7ac-49bf-8b2e-01a61f73328d ==============================
[0m13:34:00.835474 [info ] [MainThread]: Running with dbt=1.9.0
[0m13:34:00.836466 [debug] [MainThread]: running dbt with arguments {'printer_width': '80', 'indirect_selection': 'eager', 'write_json': 'True', 'log_cache_events': 'False', 'partial_parse': 'True', 'cache_selected_only': 'False', 'warn_error': 'None', 'version_check': 'True', 'profiles_dir': 'C:\\Users\\cesar\\.dbt', 'log_path': 'logs', 'fail_fast': 'False', 'debug': 'False', 'use_colors': 'True', 'use_experimental_parser': 'False', 'no_print': 'None', 'quiet': 'False', 'empty': 'None', 'warn_error_options': 'WarnErrorOptions(include=[], exclude=[])', 'introspect': 'True', 'static_parser': 'True', 'invocation_command': 'dbt init', 'target_path': 'None', 'log_format': 'default', 'send_anonymous_usage_stats': 'True'}
[0m13:35:02.264266 [debug] [MainThread]: Starter project path: C:\Users\cesar\source\repos\gitRepos\cadbtProjects\udemyZeroToHero\AirbnbProject\dbt-venv\lib\site-packages\dbt\include\starter_project
[0m13:35:02.280681 [info ] [MainThread]: 
Your new dbt project "AirbnbProject" was created!

For more information on how to configure the profiles.yml file,
please consult the dbt documentation here:

  https://docs.getdbt.com/docs/configure-your-profile

One more thing:

Need help? Don't hesitate to reach out to us via GitHub issues or on Slack:

  https://community.getdbt.com/

Happy modeling!

[0m13:35:02.281725 [info ] [MainThread]: Setting up your profile.
[0m13:39:09.997734 [info ] [MainThread]: Profile AirbnbProject written to C:\Users\cesar\.dbt\profiles.yml using target's profile_template.yml and your supplied values. Run 'dbt debug' to validate the connection.
[0m13:39:09.999737 [debug] [MainThread]: Command `dbt init` succeeded at 13:39:09.999737 after 309.23 seconds
[0m13:39:09.999737 [debug] [MainThread]: Sending event: {'category': 'dbt', 'action': 'invocation', 'label': 'end', 'context': [<snowplow_tracker.self_describing_json.SelfDescribingJson object at 0x0000016EBFCABCA0>, <snowplow_tracker.self_describing_json.SelfDescribingJson object at 0x0000016EC1C6A740>, <snowplow_tracker.self_describing_json.SelfDescribingJson object at 0x0000016EC1C6A170>]}
[0m13:39:10.000736 [debug] [MainThread]: Flushing usage events
[0m13:39:11.047988 [debug] [MainThread]: An error was encountered while trying to flush usage events
